<?xml version="1.0" encoding="UTF-8"?>
<!-- Generated by org.testng.reporters.JUnitReportReporter -->
<testsuite hostname="DESKTOP-07NO8AP" failures="0" tests="1" name="com.orangehrm.testcases.MyinfoPageTest" time="18.230" errors="0" timestamp="2023-09-12T01:22:27 IST" skipped="0">
  <testcase classname="com.orangehrm.testcases.MyinfoPageTest" name="validate_firstnamefield_present" time="18.230"/>
  <system-out/>
</testsuite> <!-- com.orangehrm.testcases.MyinfoPageTest -->
