<?xml version="1.0" encoding="UTF-8"?>
<!-- Generated by org.testng.reporters.JUnitReportReporter -->
<testsuite hostname="DESKTOP-07NO8AP" failures="0" tests="2" name="com.orangehrm.testcases.DashboardPageTest" time="23.901" errors="0" timestamp="2023-09-07T16:14:27 IST" skipped="0">
  <testcase classname="com.orangehrm.testcases.DashboardPageTest" name="validate_myinfotabPresent" time="12.050"/>
  <system-out/>
  <testcase classname="com.orangehrm.testcases.DashboardPageTest" name="validate_DashboardLanded_TimeWorkSectionPresent" time="11.851"/>
  <system-out/>
</testsuite> <!-- com.orangehrm.testcases.DashboardPageTest -->
