<?xml version="1.0" encoding="UTF-8"?>
<!-- Generated by org.testng.reporters.JUnitReportReporter -->
<testsuite hostname="DESKTOP-07NO8AP" failures="0" tests="7" name="com.orangehrm.testcases.LoginPageTest" time="48.924" errors="0" timestamp="2023-09-09T18:16:16 IST" skipped="0">
  <testcase classname="com.orangehrm.testcases.LoginPageTest" name="validateBlankLogin" time="6.508"/>
  <system-out/>
  <testcase classname="com.orangehrm.testcases.LoginPageTest" name="validatePasswordFieldPresent" time="5.608"/>
  <system-out/>
  <testcase classname="com.orangehrm.testcases.LoginPageTest" name="validateForgotlink" time="6.331"/>
  <system-out/>
  <testcase classname="com.orangehrm.testcases.LoginPageTest" name="validateInvalidLogin" time="10.129"/>
  <system-out/>
  <testcase classname="com.orangehrm.testcases.LoginPageTest" name="validateLogin" time="8.030"/>
  <system-out/>
  <testcase classname="com.orangehrm.testcases.LoginPageTest" name="validateUserNameFieldPresent" time="6.412"/>
  <system-out/>
  <testcase classname="com.orangehrm.testcases.LoginPageTest" name="validateTitleTest" time="5.906"/>
  <system-out/>
</testsuite> <!-- com.orangehrm.testcases.LoginPageTest -->
